Body: 6  
0.1.23
0


[2009-09-27 19:28:17] ### Line: /! Import required classes
                      ### Line: equire_once PLIB_INSTALL_DIR . '/Parser/Docblock.php';
                      ### Line: equire_once PLIB_INSTALL_DIR . '/XML/XMLBuilder.php';
                      ### Line: bstract class PLibReflection
                      ### Line: protected $name;
                      ### Line: protected $docblock;
                      ### Line: protected $reflectionObject;
                      ### Line: protected $errwarn = array();
                      ### Line: protected $arbitrary = array();
                      ### Line:  protected $parent = null;
                      ### Line: protected static $basepath = null;
                      ### Line: private function __construct(){}
                      ### Line:  public static function EscapeString($s)
                      ### Line: protected function _docBlock($block)
                      ### Line: public function __get($index)
                      ### Line: public function Inject($key, $value)
                      ### Line: public function ReflectionObject()
                      ### Line: public function Docblock($index=null)
                      ### Line: public static function BasePath($path=null)
                      ### Line: public function Name()
                      ### Line: public function Description()
                      ### Line: public function Version()
                      ### Line: public function Author()
                      ### Line:  public function Parent()
                      ### Line: protected final function docblockToXml(XMLNode &$node)
                      ### Line:  protected function addShallowArray($elements, $nodeName, XMLNode &$node)
                      ### Line:  protected function addDeepArray($elements, $parentNodeName, $nodeName,
                      ### Line: protected final function arbitraryToXml(XMLNode &$node)
                      ### Line: abstract public function Xml();
                      ### Line: abstract public function __toString();
                      ### Line: lass PLibReflectionModule extends PLibReflection
                      ### Line: protected $file;
                      ### Line: protected $classes = array();
                      ### Line: protected $functions = array();
                      ### Line:  protected $includes = array();
                      ### Line:  protected $constants = array();
                      ### Line: public function __construct($file)
                      ### Line: private function parse()
                      ### Line: public function AddClass(PLibReflectionClass $class)
                      ### Line: public function AddFunction(PLibReflectionFunction $func)
                      ### Line:  public function GetFile()
                      ### Line: public function Xml()
                      ### Line: public function __toString()
                      ### Line: bstract class AbstractPLibReflectionFunction extends PLibReflection
                      >>> AbstractPLibReflectionFunction
                      ### Line: protected $params = array();
                      ### Line: public function AddParam(PLibReflectionParam $param)
                      ### Line: public function ParamsToString()
                      ### Line: protected function paramsToXml(XMLNode &$n)
                      ### Line: lass PLibReflectionFunction extends AbstractPLibReflectionFunction
                      ### Line: protected $internal;
                      ### Line: protected $reference;
                      ### Line: public function __construct(ReflectionFunction $ref)
                      ### Line: protected function parse(ReflectionFunction $func)
                      ### Line: public function Xml()
                      ### Line: public function __toString()
                      ### Line: lass PLibReflectionClass extends PLibReflection
                      >>> extends
                      ### Line: protected $type;
                      ### Line: protected $abstract;
                      ### Line: protected $final;
                      ### Line: protected $extends;
                      ### Line: protected $instantiable;
                      ### Line: protected $ifaces = array();
                      ### Line: protected $constants = array();
                      ### Line: protected $properties = array();
                      ### Line: protected $methods = array();
                      ### Line: public function __construct(ReflectionClass $class,
                      ### Line: protected function parse(ReflectionClass $class)
                      ### Line: public function AddMethod(PLibReflectionMethod $method)
                      ### Line: public function AddPropery(PLibReflectionProperty $prop)
                      ### Line: public function Xml()
                      ### Line: public function __toString()
                      ### Line: lass PLibReflectionMethod extends AbstractPLibReflectionFunction
                      ### Line: protected $className;
                      ### Line: protected $constructor;
                      ### Line: protected $destructor;
                      ### Line: protected $visibility;
                      ### Line: protected $abstract;
                      ### Line: protected $final;
                      ### Line: protected $static;
                      ### Line: protected $reference;
                      ### Line: protected $declaringClass;
                      ### Line: protected $inherited;
                      ### Line: public function __construct(ReflectionMethod $method, $className=null)
                      ### Line: protected function parse(ReflectionMethod $method, $className=null)
                      ### Line: public function Xml()
                      ### Line: public function __toString()
                      ### Line: lass PLibReflectionProperty extends PLibReflection
                      ### Line: protected $defaultValue;
                      ### Line: protected $isDefault;
                      ### Line: protected $isStatic;
                      ### Line: protected $isPrivate;
                      ### Line: protected $isProtected;
                      ### Line: protected $isPublic;
                      ### Line: protected $datatype;
                      ### Line: public function __construct(ReflectionProperty $prop)
                      ### Line: protected function parse(ReflectionProperty $p)
                      ### Line: public function GetVisibility()
                      ### Line: public function Xml()
                      ### Line: public function __toString()
                      ### Line: lass PLibReflectionParam extends PLibReflection
                      ### Line: protected $defaultValue;
                      ### Line: protected $reference;
                      ### Line: protected $array;
                      ### Line: protected $optional;
                      ### Line: protected $class;
                      ### Line: protected $nullable;
                      ### Line: public function __construct(ReflectionParameter $param)
                      ### Line: protected function parse(ReflectionParameter $param)
                      ### Line: public function Xml()
                      ### Line: public function __toString()
[2009-09-27 19:29:19] ### Line: /! Import required classes
                      ### Line: equire_once PLIB_INSTALL_DIR . '/Parser/Docblock.php';
                      ### Line: equire_once PLIB_INSTALL_DIR . '/XML/XMLBuilder.php';
                      ### Line: bstract class PLibReflection
                      ### Line: protected $name;
                      ### Line: protected $docblock;
                      ### Line: protected $reflectionObject;
                      ### Line: protected $errwarn = array();
                      ### Line: protected $arbitrary = array();
                      ### Line:  protected $parent = null;
                      ### Line: protected static $basepath = null;
                      ### Line: private function __construct(){}
                      ### Line:  public static function EscapeString($s)
                      ### Line: protected function _docBlock($block)
                      ### Line: public function __get($index)
                      ### Line: public function Inject($key, $value)
                      ### Line: public function ReflectionObject()
                      ### Line: public function Docblock($index=null)
                      ### Line: public static function BasePath($path=null)
                      ### Line: public function Name()
                      ### Line: public function Description()
                      ### Line: public function Version()
                      ### Line: public function Author()
                      ### Line:  public function Parent()
                      ### Line: protected final function docblockToXml(XMLNode &$node)
                      ### Line:  protected function addShallowArray($elements, $nodeName, XMLNode &$node)
                      ### Line:  protected function addDeepArray($elements, $parentNodeName, $nodeName,
                      ### Line: protected final function arbitraryToXml(XMLNode &$node)
                      ### Line: abstract public function Xml();
                      ### Line: abstract public function __toString();
                      ### Line: lass PLibReflectionModule extends PLibReflection
                      ### Line: protected $file;
                      ### Line: protected $classes = array();
                      ### Line: protected $functions = array();
                      ### Line:  protected $includes = array();
                      ### Line:  protected $constants = array();
                      ### Line: public function __construct($file)
                      ### Line: private function parse()
                      ### Line: public function AddClass(PLibReflectionClass $class)
                      ### Line: public function AddFunction(PLibReflectionFunction $func)
                      ### Line:  public function GetFile()
                      ### Line: public function Xml()
                      ### Line: public function __toString()
                      ### Line: bstract class AbstractPLibReflectionFunction extends PLibReflection
                      >>> AbstractPLibReflectionFunction
                      ### Line: protected $params = array();
                      ### Line: public function AddParam(PLibReflectionParam $param)
                      ### Line: public function ParamsToString()
                      ### Line: protected function paramsToXml(XMLNode &$n)
                      ### Line: lass PLibReflectionFunction extends AbstractPLibReflectionFunction
                      ### Line: protected $internal;
                      ### Line: protected $reference;
                      ### Line: public function __construct(ReflectionFunction $ref)
                      ### Line: protected function parse(ReflectionFunction $func)
                      ### Line: public function Xml()
                      ### Line: public function __toString()
                      ### Line: lass PLibReflectionClass extends PLibReflection
                      >>> extends
                      ### Line: protected $type;
                      ### Line: protected $abstract;
                      ### Line: protected $final;
                      ### Line: protected $extends;
                      ### Line: protected $instantiable;
                      ### Line: protected $ifaces = array();
                      ### Line: protected $constants = array();
                      ### Line: protected $properties = array();
                      ### Line: protected $methods = array();
                      ### Line: public function __construct(ReflectionClass $class,
                      ### Line: protected function parse(ReflectionClass $class)
                      ### Line: public function AddMethod(PLibReflectionMethod $method)
                      ### Line: public function AddPropery(PLibReflectionProperty $prop)
                      ### Line: public function Xml()
                      ### Line: public function __toString()
                      ### Line: lass PLibReflectionMethod extends AbstractPLibReflectionFunction
                      ### Line: protected $className;
                      ### Line: protected $constructor;
                      ### Line: protected $destructor;
                      ### Line: protected $visibility;
                      ### Line: protected $abstract;
                      ### Line: protected $final;
                      ### Line: protected $static;
                      ### Line: protected $reference;
                      ### Line: protected $declaringClass;
                      ### Line: protected $inherited;
                      ### Line: public function __construct(ReflectionMethod $method, $className=null)
                      ### Line: protected function parse(ReflectionMethod $method, $className=null)
                      ### Line: public function Xml()
                      ### Line: public function __toString()
                      ### Line: lass PLibReflectionProperty extends PLibReflection
                      ### Line: protected $defaultValue;
                      ### Line: protected $isDefault;
                      ### Line: protected $isStatic;
                      ### Line: protected $isPrivate;
                      ### Line: protected $isProtected;
                      ### Line: protected $isPublic;
                      ### Line: protected $datatype;
                      ### Line: public function __construct(ReflectionProperty $prop)
                      ### Line: protected function parse(ReflectionProperty $p)
                      ### Line: public function GetVisibility()
                      ### Line: public function Xml()
                      ### Line: public function __toString()
                      ### Line: lass PLibReflectionParam extends PLibReflection
                      ### Line: protected $defaultValue;
                      ### Line: protected $reference;
                      ### Line: protected $array;
                      ### Line: protected $optional;
                      ### Line: protected $class;
                      ### Line: protected $nullable;
                      ### Line: public function __construct(ReflectionParameter $param)
                      ### Line: protected function parse(ReflectionParameter $param)
                      ### Line: public function Xml()
                      ### Line: public function __toString()
[2009-09-27 19:30:21] ### Line: /! Import required classes
                      ### Line: equire_once PLIB_INSTALL_DIR . '/Parser/Docblock.php';
                      ### Line: equire_once PLIB_INSTALL_DIR . '/XML/XMLBuilder.php';
                      ### Line: bstract class PLibReflection
                      ### Line: protected $name;
                      ### Line: protected $docblock;
                      ### Line: protected $reflectionObject;
                      ### Line: protected $errwarn = array();
                      ### Line: protected $arbitrary = array();
                      ### Line:  protected $parent = null;
                      ### Line: protected static $basepath = null;
                      ### Line: private function __construct(){}
                      ### Line:  public static function EscapeString($s)
                      ### Line: protected function _docBlock($block)
                      ### Line: public function __get($index)
                      ### Line: public function Inject($key, $value)
                      ### Line: public function ReflectionObject()
                      ### Line: public function Docblock($index=null)
                      ### Line: public static function BasePath($path=null)
                      ### Line: public function Name()
                      ### Line: public function Description()
                      ### Line: public function Version()
                      ### Line: public function Author()
                      ### Line:  public function Parent()
                      ### Line: protected final function docblockToXml(XMLNode &$node)
                      ### Line:  protected function addShallowArray($elements, $nodeName, XMLNode &$node)
                      ### Line:  protected function addDeepArray($elements, $parentNodeName, $nodeName,
                      ### Line: protected final function arbitraryToXml(XMLNode &$node)
                      ### Line: abstract public function Xml();
                      ### Line: abstract public function __toString();
                      ### Line: lass PLibReflectionModule extends PLibReflection
                      ### Line: protected $file;
                      ### Line: protected $classes = array();
                      ### Line: protected $functions = array();
                      ### Line:  protected $includes = array();
                      ### Line:  protected $constants = array();
                      ### Line: public function __construct($file)
                      ### Line: private function parse()
                      ### Line: public function AddClass(PLibReflectionClass $class)
                      ### Line: public function AddFunction(PLibReflectionFunction $func)
                      ### Line:  public function GetFile()
                      ### Line: public function Xml()
                      ### Line: public function __toString()
                      ### Line: bstract class AbstractPLibReflectionFunction extends PLibReflection
                      >>> AbstractPLibReflectionFunction
                      ### Line: protected $params = array();
                      ### Line: public function AddParam(PLibReflectionParam $param)
                      ### Line: public function ParamsToString()
                      ### Line: protected function paramsToXml(XMLNode &$n)
                      ### Line: lass PLibReflectionFunction extends AbstractPLibReflectionFunction
                      ### Line: protected $internal;
                      ### Line: protected $reference;
                      ### Line: public function __construct(ReflectionFunction $ref)
                      ### Line: protected function parse(ReflectionFunction $func)
                      ### Line: public function Xml()
                      ### Line: public function __toString()
                      ### Line: lass PLibReflectionClass extends PLibReflection
                      >>> extends
                      ### Line: protected $type;
                      ### Line: protected $abstract;
                      ### Line: protected $final;
                      ### Line: protected $extends;
                      ### Line: protected $instantiable;
                      ### Line: protected $ifaces = array();
                      ### Line: protected $constants = array();
                      ### Line: protected $properties = array();
                      ### Line: protected $methods = array();
                      ### Line: public function __construct(ReflectionClass $class,
                      ### Line: protected function parse(ReflectionClass $class)
                      ### Line: public function AddMethod(PLibReflectionMethod $method)
                      ### Line: public function AddPropery(PLibReflectionProperty $prop)
                      ### Line: public function Xml()
                      ### Line: public function __toString()
                      ### Line: lass PLibReflectionMethod extends AbstractPLibReflectionFunction
                      ### Line: protected $className;
                      ### Line: protected $constructor;
                      ### Line: protected $destructor;
                      ### Line: protected $visibility;
                      ### Line: protected $abstract;
                      ### Line: protected $final;
                      ### Line: protected $static;
                      ### Line: protected $reference;
                      ### Line: protected $declaringClass;
                      ### Line: protected $inherited;
                      ### Line: public function __construct(ReflectionMethod $method, $className=null)
                      ### Line: protected function parse(ReflectionMethod $method, $className=null)
                      ### Line: public function Xml()
                      ### Line: public function __toString()
                      ### Line: lass PLibReflectionProperty extends PLibReflection
                      ### Line: protected $defaultValue;
                      ### Line: protected $isDefault;
                      ### Line: protected $isStatic;
                      ### Line: protected $isPrivate;
                      ### Line: protected $isProtected;
                      ### Line: protected $isPublic;
                      ### Line: protected $datatype;
                      ### Line: public function __construct(ReflectionProperty $prop)
                      ### Line: protected function parse(ReflectionProperty $p)
                      ### Line: public function GetVisibility()
                      ### Line: public function Xml()
                      ### Line: public function __toString()
                      ### Line: lass PLibReflectionParam extends PLibReflection
                      ### Line: protected $defaultValue;
                      ### Line: protected $reference;
                      ### Line: protected $array;
                      ### Line: protected $optional;
                      ### Line: protected $class;
                      ### Line: protected $nullable;
                      ### Line: public function __construct(ReflectionParameter $param)
                      ### Line: protected function parse(ReflectionParameter $param)
                      ### Line: public function Xml()
                      ### Line: public function __toString()
[2009-09-27 20:10:34] ### Line: /! Import required classes
                      ### Line: equire_once PLIB_INSTALL_DIR . '/Parser/Docblock.php';
                      ### Line: equire_once PLIB_INSTALL_DIR . '/XML/XMLBuilder.php';
                      ### Line: bstract class PLibReflection
                      ### Line: protected $name;
                      ### Line: protected $docblock;
                      ### Line: protected $reflectionObject;
                      ### Line: protected $errwarn = array();
                      ### Line: protected $arbitrary = array();
                      ### Line:  protected $parent = null;
                      ### Line: protected static $basepath = null;
                      ### Line: private function __construct(){}
                      ### Line:  public static function EscapeString($s)
                      ### Line: protected function _docBlock($block)
                      ### Line: public function __get($index)
                      ### Line: public function Inject($key, $value)
                      ### Line: public function ReflectionObject()
                      ### Line: public function Docblock($index=null)
                      ### Line: public static function BasePath($path=null)
                      ### Line: public function Name()
                      ### Line: public function Description()
                      ### Line: public function Version()
                      ### Line: public function Author()
                      ### Line:  public function Parent()
                      ### Line: protected final function docblockToXml(XMLNode &$node)
                      ### Line:  protected function addShallowArray($elements, $nodeName, XMLNode &$node)
                      ### Line:  protected function addDeepArray($elements, $parentNodeName, $nodeName,
                      ### Line: protected final function arbitraryToXml(XMLNode &$node)
                      ### Line: abstract public function Xml();
                      ### Line: abstract public function __toString();
                      ### Line: lass PLibReflectionModule extends PLibReflection
                      ### Line: protected $file;
                      ### Line: protected $classes = array();
                      ### Line: protected $functions = array();
                      ### Line:  protected $includes = array();
                      ### Line:  protected $constants = array();
                      ### Line: public function __construct($file)
                      ### Line: private function parse()
                      ### Line: public function AddClass(PLibReflectionClass $class)
                      ### Line: public function AddFunction(PLibReflectionFunction $func)
                      ### Line:  public function GetFile()
                      ### Line: public function Xml()
                      ### Line: public function __toString()
                      ### Line: bstract class AbstractPLibReflectionFunction extends PLibReflection
                      >>> AbstractPLibReflectionFunction
                      ### Line: protected $params = array();
                      ### Line: public function AddParam(PLibReflectionParam $param)
                      ### Line: public function ParamsToString()
                      ### Line: protected function paramsToXml(XMLNode &$n)
                      ### Line: lass PLibReflectionFunction extends AbstractPLibReflectionFunction
                      ### Line: protected $internal;
                      ### Line: protected $reference;
                      ### Line: public function __construct(ReflectionFunction $ref)
                      ### Line: protected function parse(ReflectionFunction $func)
                      ### Line: public function Xml()
                      ### Line: public function __toString()
                      ### Line: lass PLibReflectionClass extends PLibReflection
                      >>> extends
                      ### Line: protected $type;
                      ### Line: protected $abstract;
                      ### Line: protected $final;
                      ### Line: protected $extends;
                      ### Line: protected $instantiable;
                      ### Line: protected $ifaces = array();
                      ### Line: protected $constants = array();
                      ### Line: protected $properties = array();
                      ### Line: protected $methods = array();
                      ### Line: public function __construct(ReflectionClass $class,
                      ### Line: protected function parse(ReflectionClass $class)
                      ### Line: public function AddMethod(PLibReflectionMethod $method)
                      ### Line: public function AddPropery(PLibReflectionProperty $prop)
                      ### Line: public function Xml()
                      ### Line: public function __toString()
                      ### Line: lass PLibReflectionMethod extends AbstractPLibReflectionFunction
                      ### Line: protected $className;
                      ### Line: protected $constructor;
                      ### Line: protected $destructor;
                      ### Line: protected $visibility;
                      ### Line: protected $abstract;
                      ### Line: protected $final;
                      ### Line: protected $static;
                      ### Line: protected $reference;
                      ### Line: protected $declaringClass;
                      ### Line: protected $inherited;
                      ### Line: public function __construct(ReflectionMethod $method, $className=null)
                      ### Line: protected function parse(ReflectionMethod $method, $className=null)
                      ### Line: public function Xml()
                      ### Line: public function __toString()
                      ### Line: lass PLibReflectionProperty extends PLibReflection
                      ### Line: protected $defaultValue;
                      ### Line: protected $isDefault;
                      ### Line: protected $isStatic;
                      ### Line: protected $isPrivate;
                      ### Line: protected $isProtected;
                      ### Line: protected $isPublic;
                      ### Line: protected $datatype;
                      ### Line: public function __construct(ReflectionProperty $prop)
                      ### Line: protected function parse(ReflectionProperty $p)
                      ### Line: public function GetVisibility()
                      ### Line: public function Xml()
                      ### Line: public function __toString()
                      ### Line: lass PLibReflectionParam extends PLibReflection
                      ### Line: protected $defaultValue;
                      ### Line: protected $reference;
                      ### Line: protected $array;
                      ### Line: protected $optional;
                      ### Line: protected $class;
                      ### Line: protected $nullable;
                      ### Line: public function __construct(ReflectionParameter $param)
                      ### Line: protected function parse(ReflectionParameter $param)
                      ### Line: public function Xml()
                      ### Line: public function __toString()
[2009-09-27 20:12:11] ### Line: /! Import required classes
                      ### Line: equire_once PLIB_INSTALL_DIR . '/Parser/Docblock.php';
                      ### Line: equire_once PLIB_INSTALL_DIR . '/XML/XMLBuilder.php';
                      ### Line: bstract class PLibReflection
                      ### Line: protected $name;
                      ### Line: protected $docblock;
                      ### Line: protected $reflectionObject;
                      ### Line: protected $errwarn = array();
                      ### Line: protected $arbitrary = array();
                      ### Line:  protected $parent = null;
                      ### Line: protected static $basepath = null;
                      ### Line: private function __construct(){}
                      ### Line:  public static function EscapeString($s)
                      ### Line: protected function _docBlock($block)
                      ### Line: public function __get($index)
                      ### Line: public function Inject($key, $value)
                      ### Line: public function ReflectionObject()
                      ### Line: public function Docblock($index=null)
                      ### Line: public static function BasePath($path=null)
                      ### Line: public function Name()
                      ### Line: public function Description()
                      ### Line: public function Version()
                      ### Line: public function Author()
                      ### Line:  public function Parent()
                      ### Line: protected final function docblockToXml(XMLNode &$node)
                      ### Line:  protected function addShallowArray($elements, $nodeName, XMLNode &$node)
                      ### Line:  protected function addDeepArray($elements, $parentNodeName, $nodeName,
                      ### Line: protected final function arbitraryToXml(XMLNode &$node)
                      ### Line: abstract public function Xml();
                      ### Line: abstract public function __toString();
                      ### Line: lass PLibReflectionModule extends PLibReflection
                      ### Line: protected $file;
                      ### Line: protected $classes = array();
                      ### Line: protected $functions = array();
                      ### Line:  protected $includes = array();
                      ### Line:  protected $constants = array();
                      ### Line: public function __construct($file)
                      ### Line: private function parse()
                      ### Line: public function AddClass(PLibReflectionClass $class)
                      ### Line: public function AddFunction(PLibReflectionFunction $func)
                      ### Line:  public function GetFile()
                      ### Line: public function Xml()
                      ### Line: public function __toString()
                      ### Line: bstract class AbstractPLibReflectionFunction extends PLibReflection
                      >>> AbstractPLibReflectionFunction
                      ### Line: protected $params = array();
                      ### Line: public function AddParam(PLibReflectionParam $param)
                      ### Line: public function ParamsToString()
                      ### Line: protected function paramsToXml(XMLNode &$n)
                      ### Line: lass PLibReflectionFunction extends AbstractPLibReflectionFunction
                      ### Line: protected $internal;
                      ### Line: protected $reference;
                      ### Line: public function __construct(ReflectionFunction $ref)
                      ### Line: protected function parse(ReflectionFunction $func)
                      ### Line: public function Xml()
                      ### Line: public function __toString()
                      ### Line: lass PLibReflectionClass extends PLibReflection
                      >>> extends
                      ### Line: protected $type;
                      ### Line: protected $abstract;
                      ### Line: protected $final;
                      ### Line: protected $extends;
                      ### Line: protected $instantiable;
                      ### Line: protected $ifaces = array();
                      ### Line: protected $constants = array();
                      ### Line: protected $properties = array();
                      ### Line: protected $methods = array();
                      ### Line: public function __construct(ReflectionClass $class,
                      ### Line: protected function parse(ReflectionClass $class)
                      ### Line: public function AddMethod(PLibReflectionMethod $method)
                      ### Line: public function AddPropery(PLibReflectionProperty $prop)
                      ### Line: public function Xml()
                      ### Line: public function __toString()
                      ### Line: lass PLibReflectionMethod extends AbstractPLibReflectionFunction
                      ### Line: protected $className;
                      ### Line: protected $constructor;
                      ### Line: protected $destructor;
                      ### Line: protected $visibility;
                      ### Line: protected $abstract;
                      ### Line: protected $final;
                      ### Line: protected $static;
                      ### Line: protected $reference;
                      ### Line: protected $declaringClass;
                      ### Line: protected $inherited;
                      ### Line: public function __construct(ReflectionMethod $method, $className=null)
                      ### Line: protected function parse(ReflectionMethod $method, $className=null)
                      ### Line: public function Xml()
                      ### Line: public function __toString()
                      ### Line: lass PLibReflectionProperty extends PLibReflection
                      ### Line: protected $defaultValue;
                      ### Line: protected $isDefault;
                      ### Line: protected $isStatic;
                      ### Line: protected $isPrivate;
                      ### Line: protected $isProtected;
                      ### Line: protected $isPublic;
                      ### Line: protected $datatype;
                      ### Line: public function __construct(ReflectionProperty $prop)
                      ### Line: protected function parse(ReflectionProperty $p)
                      ### Line: public function GetVisibility()
                      ### Line: public function Xml()
                      ### Line: public function __toString()
                      ### Line: lass PLibReflectionParam extends PLibReflection
                      ### Line: protected $defaultValue;
                      ### Line: protected $reference;
                      ### Line: protected $array;
                      ### Line: protected $optional;
                      ### Line: protected $class;
                      ### Line: protected $nullable;
                      ### Line: public function __construct(ReflectionParameter $param)
                      ### Line: protected function parse(ReflectionParameter $param)
                      ### Line: public function Xml()
                      ### Line: public function __toString()
[2009-09-27 20:12:38] ### Line: /! Import required classes
                      ### Line: equire_once PLIB_INSTALL_DIR . '/Parser/Docblock.php';
                      ### Line: equire_once PLIB_INSTALL_DIR . '/XML/XMLBuilder.php';
                      ### Line: bstract class PLibReflection
                      ### Line: protected $name;
                      ### Line: protected $docblock;
                      ### Line: protected $reflectionObject;
                      ### Line: protected $errwarn = array();
                      ### Line: protected $arbitrary = array();
                      ### Line:  protected $parent = null;
                      ### Line: protected static $basepath = null;
                      ### Line: private function __construct(){}
                      ### Line:  public static function EscapeString($s)
                      ### Line: protected function _docBlock($block)
                      ### Line: public function __get($index)
                      ### Line: public function Inject($key, $value)
                      ### Line: public function ReflectionObject()
                      ### Line: public function Docblock($index=null)
                      ### Line: public static function BasePath($path=null)
                      ### Line: public function Name()
                      ### Line: public function Description()
                      ### Line: public function Version()
                      ### Line: public function Author()
                      ### Line:  public function Parent()
                      ### Line: protected final function docblockToXml(XMLNode &$node)
                      ### Line:  protected function addShallowArray($elements, $nodeName, XMLNode &$node)
                      ### Line:  protected function addDeepArray($elements, $parentNodeName, $nodeName,
                      ### Line: protected final function arbitraryToXml(XMLNode &$node)
                      ### Line: abstract public function Xml();
                      ### Line: abstract public function __toString();
                      ### Line: lass PLibReflectionModule extends PLibReflection
                      ### Line: protected $file;
                      ### Line: protected $classes = array();
                      ### Line: protected $functions = array();
                      ### Line:  protected $includes = array();
                      ### Line:  protected $constants = array();
                      ### Line: public function __construct($file)
                      ### Line: private function parse()
                      ### Line: public function AddClass(PLibReflectionClass $class)
                      ### Line: public function AddFunction(PLibReflectionFunction $func)
                      ### Line:  public function GetFile()
                      ### Line: public function Xml()
                      ### Line: public function __toString()
                      ### Line: bstract class AbstractPLibReflectionFunction extends PLibReflection
                      >>> AbstractPLibReflectionFunction
                      ### Line: protected $params = array();
                      ### Line: public function AddParam(PLibReflectionParam $param)
                      ### Line: public function ParamsToString()
                      ### Line: protected function paramsToXml(XMLNode &$n)
                      ### Line: lass PLibReflectionFunction extends AbstractPLibReflectionFunction
                      ### Line: protected $internal;
                      ### Line: protected $reference;
                      ### Line: public function __construct(ReflectionFunction $ref)
                      ### Line: protected function parse(ReflectionFunction $func)
                      ### Line: public function Xml()
                      ### Line: public function __toString()
                      ### Line: lass PLibReflectionClass extends PLibReflection
                      >>> extends
                      ### Line: protected $type;
                      ### Line: protected $abstract;
                      ### Line: protected $final;
                      ### Line: protected $extends;
                      ### Line: protected $instantiable;
                      ### Line: protected $ifaces = array();
                      ### Line: protected $constants = array();
                      ### Line: protected $properties = array();
                      ### Line: protected $methods = array();
                      ### Line: public function __construct(ReflectionClass $class,
                      ### Line: protected function parse(ReflectionClass $class)
                      ### Line: public function AddMethod(PLibReflectionMethod $method)
                      ### Line: public function AddPropery(PLibReflectionProperty $prop)
                      ### Line: public function Xml()
                      ### Line: public function __toString()
                      ### Line: lass PLibReflectionMethod extends AbstractPLibReflectionFunction
                      ### Line: protected $className;
                      ### Line: protected $constructor;
                      ### Line: protected $destructor;
                      ### Line: protected $visibility;
                      ### Line: protected $abstract;
                      ### Line: protected $final;
                      ### Line: protected $static;
                      ### Line: protected $reference;
                      ### Line: protected $declaringClass;
                      ### Line: protected $inherited;
                      ### Line: public function __construct(ReflectionMethod $method, $className=null)
                      ### Line: protected function parse(ReflectionMethod $method, $className=null)
                      ### Line: public function Xml()
                      ### Line: public function __toString()
                      ### Line: lass PLibReflectionProperty extends PLibReflection
                      ### Line: protected $defaultValue;
                      ### Line: protected $isDefault;
                      ### Line: protected $isStatic;
                      ### Line: protected $isPrivate;
                      ### Line: protected $isProtected;
                      ### Line: protected $isPublic;
                      ### Line: protected $datatype;
                      ### Line: public function __construct(ReflectionProperty $prop)
                      ### Line: protected function parse(ReflectionProperty $p)
                      ### Line: public function GetVisibility()
                      ### Line: public function Xml()
                      ### Line: public function __toString()
                      ### Line: lass PLibReflectionParam extends PLibReflection
                      ### Line: protected $defaultValue;
                      ### Line: protected $reference;
                      ### Line: protected $array;
                      ### Line: protected $optional;
                      ### Line: protected $class;
                      ### Line: protected $nullable;
                      ### Line: public function __construct(ReflectionParameter $param)
                      ### Line: protected function parse(ReflectionParameter $param)
                      ### Line: public function Xml()
                      ### Line: public function __toString()
[2009-09-27 20:13:10] ### Line: /! Import required classes
                      ### Line: equire_once PLIB_INSTALL_DIR . '/Parser/Docblock.php';
                      ### Line: equire_once PLIB_INSTALL_DIR . '/XML/XMLBuilder.php';
                      ### Line: bstract class PLibReflection
                      ### Line: protected $name;
                      ### Line: protected $docblock;
                      ### Line: protected $reflectionObject;
                      ### Line: protected $errwarn = array();
                      ### Line: protected $arbitrary = array();
                      ### Line:  protected $parent = null;
                      ### Line: protected static $basepath = null;
                      ### Line: private function __construct(){}
                      ### Line:  public static function EscapeString($s)
                      ### Line: protected function _docBlock($block)
                      ### Line: public function __get($index)
                      ### Line: public function Inject($key, $value)
                      ### Line: public function ReflectionObject()
                      ### Line: public function Docblock($index=null)
                      ### Line: public static function BasePath($path=null)
                      ### Line: public function Name()
                      ### Line: public function Description()
                      ### Line: public function Version()
                      ### Line: public function Author()
                      ### Line:  public function Parent()
                      ### Line: protected final function docblockToXml(XMLNode &$node)
                      ### Line:  protected function addShallowArray($elements, $nodeName, XMLNode &$node)
                      ### Line:  protected function addDeepArray($elements, $parentNodeName, $nodeName,
                      ### Line: protected final function arbitraryToXml(XMLNode &$node)
                      ### Line: abstract public function Xml();
                      ### Line: abstract public function __toString();
                      ### Line: lass PLibReflectionModule extends PLibReflection
                      ### Line: protected $file;
                      ### Line: protected $classes = array();
                      ### Line: protected $functions = array();
                      ### Line:  protected $includes = array();
                      ### Line:  protected $constants = array();
                      ### Line: public function __construct($file)
                      ### Line: private function parse()
                      ### Line: public function AddClass(PLibReflectionClass $class)
                      ### Line: public function AddFunction(PLibReflectionFunction $func)
                      ### Line:  public function GetFile()
                      ### Line: public function Xml()
                      ### Line: public function __toString()
                      ### Line: bstract class AbstractPLibReflectionFunction extends PLibReflection
                      >>> AbstractPLibReflectionFunction
                      ### Line: protected $params = array();
                      ### Line: public function AddParam(PLibReflectionParam $param)
                      ### Line: public function ParamsToString()
                      ### Line: protected function paramsToXml(XMLNode &$n)
                      ### Line: lass PLibReflectionFunction extends AbstractPLibReflectionFunction
                      ### Line: protected $internal;
                      ### Line: protected $reference;
                      ### Line: public function __construct(ReflectionFunction $ref)
                      ### Line: protected function parse(ReflectionFunction $func)
                      ### Line: public function Xml()
                      ### Line: public function __toString()
                      ### Line: lass PLibReflectionClass extends PLibReflection
                      >>> extends
                      ### Line: protected $type;
                      ### Line: protected $abstract;
                      ### Line: protected $final;
                      ### Line: protected $extends;
                      ### Line: protected $instantiable;
                      ### Line: protected $ifaces = array();
                      ### Line: protected $constants = array();
                      ### Line: protected $properties = array();
                      ### Line: protected $methods = array();
                      ### Line: public function __construct(ReflectionClass $class,
                      ### Line: protected function parse(ReflectionClass $class)
                      ### Line: public function AddMethod(PLibReflectionMethod $method)
                      ### Line: public function AddPropery(PLibReflectionProperty $prop)
                      ### Line: public function Xml()
                      ### Line: public function __toString()
                      ### Line: lass PLibReflectionMethod extends AbstractPLibReflectionFunction
                      ### Line: protected $className;
                      ### Line: protected $constructor;
                      ### Line: protected $destructor;
                      ### Line: protected $visibility;
                      ### Line: protected $abstract;
                      ### Line: protected $final;
                      ### Line: protected $static;
                      ### Line: protected $reference;
                      ### Line: protected $declaringClass;
                      ### Line: protected $inherited;
                      ### Line: public function __construct(ReflectionMethod $method, $className=null)
                      ### Line: protected function parse(ReflectionMethod $method, $className=null)
                      ### Line: public function Xml()
                      ### Line: public function __toString()
                      ### Line: lass PLibReflectionProperty extends PLibReflection
                      ### Line: protected $defaultValue;
                      ### Line: protected $isDefault;
                      ### Line: protected $isStatic;
                      ### Line: protected $isPrivate;
                      ### Line: protected $isProtected;
                      ### Line: protected $isPublic;
                      ### Line: protected $datatype;
                      ### Line: public function __construct(ReflectionProperty $prop)
                      ### Line: protected function parse(ReflectionProperty $p)
                      ### Line: public function GetVisibility()
                      ### Line: public function Xml()
                      ### Line: public function __toString()
                      ### Line: lass PLibReflectionParam extends PLibReflection
                      ### Line: protected $defaultValue;
                      ### Line: protected $reference;
                      ### Line: protected $array;
                      ### Line: protected $optional;
                      ### Line: protected $class;
                      ### Line: protected $nullable;
                      ### Line: public function __construct(ReflectionParameter $param)
                      ### Line: protected function parse(ReflectionParameter $param)
                      ### Line: public function Xml()
                      ### Line: public function __toString()
